2026-04-10 17:01:04.583 -06:00 [INF] Initializing Coplay services
2026-04-10 17:01:05.930 -06:00 [DBG] Found 1 glTF importer(s), no conflict detected
2026-04-10 17:01:05.935 -06:00 [INF] Initializing EditorThreadHelper
2026-04-10 17:01:05.935 -06:00 [INF] EditorThreadHelper initialized successfully
2026-04-10 17:01:05.953 -06:00 [INF] Enabling console error detection
2026-04-10 17:01:05.960 -06:00 [INF] ConsoleDebugButtonService initializing
2026-04-10 17:01:05.968 -06:00 [INF] ConsoleDebugButtonService initialized
2026-04-10 17:01:05.969 -06:00 [INF] RunInBackgroundStartupTask initialized - will enable background execution in play mode
2026-04-10 17:01:34.027 -06:00 [INF] No existing action records JSON file found.
2026-04-10 17:01:47.194 -06:00 [INF] Coplay container created
2026-04-10 17:01:47.194 -06:00 [INF] Debug button created, initial visibility: hidden
2026-04-10 17:01:47.198 -06:00 [INF] Copy button created
2026-04-10 17:01:47.198 -06:00 [INF] Debug With AI button successfully injected into console
2026-04-10 17:01:47.198 -06:00 [INF] Subscribed to error detection
2026-04-10 17:01:52.530 -06:00 [INF] No startup errors found after delayed check
2026-04-10 17:01:55.480 -06:00 [DBG] Stored original runInBackground value: False
2026-04-10 17:01:55.601 -06:00 [INF] Deinitializing Coplay services
2026-04-10 17:01:55.603 -06:00 [INF] ConsoleDebugButtonService disposing
2026-04-10 17:01:55.608 -06:00 [INF] Unsubscribed from error detection
2026-04-10 17:01:55.635 -06:00 [INF] EditorThreadHelper disposed
2026-04-10 17:02:00.245 -06:00 [INF] Initializing Coplay services
2026-04-10 17:02:00.930 -06:00 [DBG] Found 1 glTF importer(s), no conflict detected
2026-04-10 17:02:00.932 -06:00 [INF] Initializing EditorThreadHelper
2026-04-10 17:02:00.932 -06:00 [INF] EditorThreadHelper initialized successfully
2026-04-10 17:02:00.953 -06:00 [INF] Enabling console error detection
2026-04-10 17:02:00.964 -06:00 [INF] ConsoleDebugButtonService initializing
2026-04-10 17:02:00.969 -06:00 [INF] ConsoleDebugButtonService initialized
2026-04-10 17:02:00.971 -06:00 [INF] RunInBackgroundStartupTask initialized - will enable background execution in play mode
2026-04-10 17:02:04.549 -06:00 [INF] Enabled Application.runInBackground for play mode - Unity will continue running when editor loses focus
2026-04-10 17:02:04.631 -06:00 [INF] Coplay container created
2026-04-10 17:02:04.634 -06:00 [INF] Debug button created, initial visibility: hidden
2026-04-10 17:02:04.635 -06:00 [INF] Copy button created
2026-04-10 17:02:04.635 -06:00 [INF] Debug With AI button successfully injected into console
2026-04-10 17:02:04.636 -06:00 [INF] Subscribed to error detection
2026-04-10 17:02:04.668 -06:00 [INF] No startup errors found after delayed check
2026-04-10 17:03:16.774 -06:00 [DBG] Restored Application.runInBackground to original value: False
2026-04-10 17:08:16.028 -06:00 [INF] No existing action records JSON file found.
2026-04-10 17:08:20.000 -06:00 [DBG] Compilation finished, refreshing error state
2026-04-10 17:08:20.023 -06:00 [INF] Deinitializing Coplay services
2026-04-10 17:08:20.027 -06:00 [INF] ConsoleDebugButtonService disposing
2026-04-10 17:08:20.029 -06:00 [INF] Unsubscribed from error detection
2026-04-10 17:08:20.052 -06:00 [INF] EditorThreadHelper disposed
2026-04-10 17:08:24.129 -06:00 [INF] Initializing Coplay services
2026-04-10 17:08:24.751 -06:00 [DBG] Found 1 glTF importer(s), no conflict detected
2026-04-10 17:08:24.754 -06:00 [INF] Initializing EditorThreadHelper
2026-04-10 17:08:24.754 -06:00 [INF] EditorThreadHelper initialized successfully
2026-04-10 17:08:24.775 -06:00 [INF] Enabling console error detection
2026-04-10 17:08:24.787 -06:00 [INF] ConsoleDebugButtonService initializing
2026-04-10 17:08:24.793 -06:00 [INF] ConsoleDebugButtonService initialized
2026-04-10 17:08:24.793 -06:00 [INF] RunInBackgroundStartupTask initialized - will enable background execution in play mode
2026-04-10 17:08:25.931 -06:00 [INF] No existing action records JSON file found.
2026-04-10 17:08:26.269 -06:00 [INF] Coplay container created
2026-04-10 17:08:26.286 -06:00 [INF] Debug button created, initial visibility: hidden
2026-04-10 17:08:26.288 -06:00 [INF] Copy button created
2026-04-10 17:08:26.288 -06:00 [INF] Debug With AI button successfully injected into console
2026-04-10 17:08:26.289 -06:00 [INF] Subscribed to error detection
2026-04-10 17:08:27.954 -06:00 [INF] No startup errors found after delayed check
2026-04-10 17:09:22.675 -06:00 [DBG] Compilation finished, refreshing error state
2026-04-10 17:09:22.708 -06:00 [INF] Deinitializing Coplay services
2026-04-10 17:09:22.711 -06:00 [INF] ConsoleDebugButtonService disposing
2026-04-10 17:09:22.721 -06:00 [INF] Unsubscribed from error detection
2026-04-10 17:09:22.756 -06:00 [INF] EditorThreadHelper disposed
2026-04-10 17:09:28.490 -06:00 [INF] Initializing Coplay services
2026-04-10 17:09:29.441 -06:00 [DBG] Found 1 glTF importer(s), no conflict detected
2026-04-10 17:09:29.443 -06:00 [INF] Initializing EditorThreadHelper
2026-04-10 17:09:29.443 -06:00 [INF] EditorThreadHelper initialized successfully
2026-04-10 17:09:29.476 -06:00 [INF] Enabling console error detection
2026-04-10 17:09:29.495 -06:00 [INF] ConsoleDebugButtonService initializing
2026-04-10 17:09:29.509 -06:00 [INF] ConsoleDebugButtonService initialized
2026-04-10 17:09:29.510 -06:00 [INF] RunInBackgroundStartupTask initialized - will enable background execution in play mode
2026-04-10 17:09:31.637 -06:00 [INF] No existing action records JSON file found.
2026-04-10 17:09:32.702 -06:00 [INF] Coplay container created
2026-04-10 17:09:32.734 -06:00 [INF] Debug button created, initial visibility: hidden
2026-04-10 17:09:32.736 -06:00 [INF] Copy button created
2026-04-10 17:09:32.736 -06:00 [INF] Debug With AI button successfully injected into console
2026-04-10 17:09:32.738 -06:00 [INF] Subscribed to error detection
2026-04-10 17:09:49.618 -06:00 [DBG] Compilation finished, refreshing error state
2026-04-10 17:09:49.891 -06:00 [INF] Found 2 startup errors via direct console query - caching for downstream use
2026-04-10 17:10:33.467 -06:00 [DBG] Compilation finished, refreshing error state
2026-04-10 17:16:10.173 -06:00 [DBG] Compilation finished, refreshing error state
2026-04-10 17:16:10.202 -06:00 [INF] Deinitializing Coplay services
2026-04-10 17:16:10.207 -06:00 [INF] ConsoleDebugButtonService disposing
2026-04-10 17:16:10.214 -06:00 [INF] Unsubscribed from error detection
2026-04-10 17:16:10.241 -06:00 [INF] EditorThreadHelper disposed
2026-04-10 17:16:16.009 -06:00 [INF] Initializing Coplay services
2026-04-10 17:16:16.997 -06:00 [DBG] Found 1 glTF importer(s), no conflict detected
2026-04-10 17:16:17.000 -06:00 [INF] Initializing EditorThreadHelper
2026-04-10 17:16:17.000 -06:00 [INF] EditorThreadHelper initialized successfully
2026-04-10 17:16:17.032 -06:00 [INF] Enabling console error detection
2026-04-10 17:16:17.048 -06:00 [INF] ConsoleDebugButtonService initializing
2026-04-10 17:16:17.057 -06:00 [INF] ConsoleDebugButtonService initialized
2026-04-10 17:16:17.058 -06:00 [INF] RunInBackgroundStartupTask initialized - will enable background execution in play mode
2026-04-10 17:16:18.704 -06:00 [INF] No existing action records JSON file found.
2026-04-10 17:16:19.134 -06:00 [INF] Coplay container created
2026-04-10 17:16:19.158 -06:00 [INF] Debug button created, initial visibility: hidden
2026-04-10 17:16:19.160 -06:00 [INF] Copy button created
2026-04-10 17:16:19.160 -06:00 [INF] Debug With AI button successfully injected into console
2026-04-10 17:16:19.164 -06:00 [INF] Subscribed to error detection
2026-04-10 17:16:19.220 -06:00 [INF] No startup errors found after delayed check
